Build started 7/4/2019 8:46:52 PM.
     1>Project "C:\Users\fifif\Documents\Visual Studio 2012\Projects\Level 8\Exe 5.1.4\Exe 5.1.4\Exe 5.1.4.vcxproj" on node 2 (Build target(s)).
     1>ClCompile:
         C:\Program Files (x86)\VC\bin\CL.exe /c /I"c:\local\boost_1_59_0\lib64-msvc-14.0" /I"C:\Users\fifif\Documents\Visual Studio 2012\Projects\Level 9" /IC:\local\boost_1_59_0 /ZI /nologo /W3 /WX- /Od /Oy- /D WIN32 /D _DEBUG /D _CONSOLE /D _UNICODE /D UNICODE /Gm /EHsc /RTC1 /MDd /GS /fp:precise /Zc:wchar_t /Zc:forScope /Fo"Debug\\" /Fd"Debug\vc110.pdb" /Gd /TP /analyze- /errorReport:prompt RandomNumGenerator.cpp
         RandomNumGenerator.cpp
     1>c:\program files (x86)\vc\include\xutility(2761): warning C4996: 'std::_Fill_n': Function call with parameters that may be unsafe - this call relies on the caller to check that the passed values are correct. To disable this warning, use -D_SCL_SECURE_NO_WARNINGS. See documentation on how to use Visual C++ 'Checked Iterators'
                 c:\program files (x86)\vc\include\xutility(2747) : see declaration of 'std::_Fill_n'
                 c:\local\boost_1_59_0\boost\random\detail\polynomial.hpp(114) : see reference to function template instantiation '_OutIt std::fill_n<boost::random::detail::polynomial_ops::digit_t*,size_t,boost::random::detail::polynomial_ops::digit_t>(_OutIt,_Diff,const _Ty &)' being compiled
                 with
                 [
                     _OutIt=boost::random::detail::polynomial_ops::digit_t *,
                     _Diff=size_t,
                     _Ty=boost::random::detail::polynomial_ops::digit_t
                 ]
       Link:
         C:\Program Files (x86)\VC\bin\link.exe /ERRORREPORT:PROMPT /OUT:"C:\Users\fifif\Documents\Visual Studio 2012\Projects\Level 8\Exe 5.1.4\Debug\Exe 5.1.4.exe" /INCREMENTAL /NOLOGO kernel32.lib user32.lib gdi32.lib winspool.lib comdlg32.lib advapi32.lib shell32.lib ole32.lib oleaut32.lib uuid.lib odbc32.lib odbccp32.lib /MANIFEST /MANIFESTUAC:"level='asInvoker' uiAccess='false'" /manifest:embed /DEBUG /PDB:"C:\Users\fifif\Documents\Visual Studio 2012\Projects\Level 8\Exe 5.1.4\Debug\Exe 5.1.4.pdb" /SUBSYSTEM:CONSOLE /TLBID:1 /DYNAMICBASE /NXCOMPAT /IMPLIB:"C:\Users\fifif\Documents\Visual Studio 2012\Projects\Level 8\Exe 5.1.4\Debug\Exe 5.1.4.lib" /MACHINE:X86 Debug\RandomNumGenerator.obj
         Exe 5.1.4.vcxproj -> C:\Users\fifif\Documents\Visual Studio 2012\Projects\Level 8\Exe 5.1.4\Debug\Exe 5.1.4.exe
     1>Done Building Project "C:\Users\fifif\Documents\Visual Studio 2012\Projects\Level 8\Exe 5.1.4\Exe 5.1.4\Exe 5.1.4.vcxproj" (Build target(s)).

Build succeeded.

Time Elapsed 00:00:02.24
